<?xml version="1.0" encoding="UTF-8"?>
<!-- Generated by org.testng.reporters.JUnitXMLReporter -->
<testsuite ignored="1" hostname="7568mdsalman" failures="0" tests="3" name="Test" time="0.078" errors="0" timestamp="2024-09-18T12:30:43 IST">
  <testcase classname="PracticeTestNg.ManagerTestClass" name="managetTest2" time="0.009"/>
  <testcase classname="PracticeTestNg.ManagerTestClass" name="managetTest3" time="0.002"/>
  <testcase classname="PracticeTestNg.ManagerTestClass" name="managetTest4" time="0.002"/>
  <testcase classname="PracticeTestNg.ManagerTestClass" name="managetTest1" time="0.0">
    <ignored/>
  </testcase> <!-- managetTest1 -->
</testsuite> <!-- Test -->
