<?xml version="1.0" encoding="UTF-8"?>
<!-- Generated by org.testng.reporters.JUnitXMLReporter -->
<testsuite ignored="1" hostname="7568mdsalman" failures="1" tests="1" name="Test(failed)" time="56.142" errors="0" timestamp="2024-09-20T18:43:21 IST">
  <testcase classname="PracticeTestNg.Listener_Test_01" name="createContactTest" time="0.051">
    <failure type="java.lang.AssertionError" message="expected [Login] but found [Administrator - Home - vtiger CRM 5 - Commercial Open Source CRM]">
      <![CDATA[java.lang.AssertionError: expected [Login] but found [Administrator - Home - vtiger CRM 5 - Commercial Open Source CRM]
at PracticeTestNg.Listener_Test_01.createContactTest(Listener_Test_01.java:17)
at java.base/java.util.ArrayList.forEach(ArrayList.java:1511)
... Removed 33 stack frames]]>
    </failure>
  </testcase> <!-- createContactTest -->
  <testcase classname="PracticeTestNg.Listener_Test_01" name="createORgTest" time="0.0">
    <ignored/>
  </testcase> <!-- createORgTest -->
</testsuite> <!-- Test(failed) -->
